<?xml version="1.0" encoding="UTF-8"?>
<testng-results ignored="0" total="1" passed="1" failed="0" skipped="0">
  <reporter-output>
  </reporter-output>
  <suite started-at="2023-05-12T02:19:59 IST" name="Default suite" finished-at="2023-05-12T02:20:28 IST" duration-ms="29021">
    <groups>
    </groups>
    <test started-at="2023-05-12T02:19:59 IST" name="Default test" finished-at="2023-05-12T02:20:28 IST" duration-ms="29021">
      <class name="com.actitime.testscripts.CustomerModule">
        <test-method is-config="true" signature="openBrowser()[pri:0, instance:com.actitime.testscripts.CustomerModule@708f5957]" started-at="2023-05-12T02:19:59 IST" name="openBrowser" finished-at="2023-05-12T02:20:03 IST" duration-ms="3091" status="PASS">
          <reporter-output>
          </reporter-output>
        </test-method> <!-- openBrowser -->
        <test-method is-config="true" signature="login()[pri:0, instance:com.actitime.testscripts.CustomerModule@708f5957]" started-at="2023-05-12T02:20:03 IST" name="login" finished-at="2023-05-12T02:20:12 IST" duration-ms="9833" status="PASS">
          <reporter-output>
          </reporter-output>
        </test-method> <!-- login -->
        <test-method signature="testcreateCustomer()[pri:0, instance:com.actitime.testscripts.CustomerModule@708f5957]" started-at="2023-05-12T02:20:12 IST" name="testcreateCustomer" finished-at="2023-05-12T02:20:26 IST" duration-ms="13833" status="PASS">
          <reporter-output>
          </reporter-output>
        </test-method> <!-- testcreateCustomer -->
        <test-method is-config="true" signature="logout()[pri:0, instance:com.actitime.testscripts.CustomerModule@708f5957]" started-at="2023-05-12T02:20:26 IST" name="logout" finished-at="2023-05-12T02:20:28 IST" duration-ms="1988" status="PASS">
          <reporter-output>
          </reporter-output>
        </test-method> <!-- logout -->
        <test-method is-config="true" signature="closeBrowser()[pri:0, instance:com.actitime.testscripts.CustomerModule@708f5957]" started-at="2023-05-12T02:20:28 IST" name="closeBrowser" finished-at="2023-05-12T02:20:28 IST" duration-ms="207" status="PASS">
          <reporter-output>
          </reporter-output>
        </test-method> <!-- closeBrowser -->
      </class> <!-- com.actitime.testscripts.CustomerModule -->
    </test> <!-- Default test -->
  </suite> <!-- Default suite -->
</testng-results>
